build/app/intermediates/manifest_merge_blame_file/profile/manifest-merger-blame-profile-report.txt
1<?xml version="1.0" encoding="utf-8"?>
2<manifest xmlns:android="http://schemas.android.com/apk/res/android"
3    package="com.example.bloc_todo"
4    android:versionCode="1"
5    android:versionName="1.0.0" >
6
7    <uses-sdk
8        android:minSdkVersion="16"
9        android:targetSdkVersion="28" />
10    <!--
11         Flutter needs it to communicate with the running application
12         to allow setting breakpoints, to provide hot reload, etc.
13    -->
14    <uses-permission android:name="android.permission.INTERNET" />
14-->src/profile/AndroidManifest.xml:6:5-66
14-->src/profile/AndroidManifest.xml:6:22-64
15    <!--
16     io.flutter.app.FlutterApplication is an android.app.Application that
17         calls FlutterMain.startInitialization(this); in its onCreate method.
18         In most cases you can leave this as-is, but you if you want to provide
19         additional functionality it is fine to subclass or reimplement
20         FlutterApplication and put your custom class here.
21    -->
22    <uses-permission android:name="android.permission.RECEIVE_BOOT_COMPLETED" />
22-->src/main/AndroidManifest.xml:8:5-80
22-->src/main/AndroidManifest.xml:8:22-78
23    <uses-permission android:name="android.permission.VIBRATE" />
23-->src/main/AndroidManifest.xml:9:5-66
23-->src/main/AndroidManifest.xml:9:22-63
24
25    <application
25-->src/main/AndroidManifest.xml:11:5-55:19
26        android:name="io.flutter.app.FlutterApplication"
26-->src/main/AndroidManifest.xml:12:9-57
27        android:appComponentFactory="androidx.core.app.CoreComponentFactory"
27-->[androidx.core:core:1.2.0] AndroidManifest.xml:24:18-86
28        android:debuggable="true"
29        android:icon="@mipmap/ic_launcher"
29-->src/main/AndroidManifest.xml:14:9-43
30        android:label="bloc_todo" >
30-->src/main/AndroidManifest.xml:13:9-34
31        <activity
31-->src/main/AndroidManifest.xml:15:9-43:20
32            android:name="com.example.bloc_todo.MainActivity"
32-->src/main/AndroidManifest.xml:16:13-41
33            android:configChanges="orientation|keyboardHidden|keyboard|screenSize|smallestScreenSize|locale|layoutDirection|fontScale|screenLayout|density|uiMode"
33-->src/main/AndroidManifest.xml:19:13-163
34            android:hardwareAccelerated="true"
34-->src/main/AndroidManifest.xml:20:13-47
35            android:launchMode="singleTop"
35-->src/main/AndroidManifest.xml:17:13-43
36            android:theme="@style/LaunchTheme"
36-->src/main/AndroidManifest.xml:18:13-47
37            android:windowSoftInputMode="adjustResize" >
37-->src/main/AndroidManifest.xml:21:13-55
38
39            <!--
40                 Specifies an Android theme to apply to this Activity as soon as
41                 the Android process has started. This theme is visible to the user
42                 while the Flutter UI initializes. After that, this theme continues
43                 to determine the Window background behind the Flutter UI.
44            -->
45            <meta-data
45-->src/main/AndroidManifest.xml:26:13-29:17
46                android:name="io.flutter.embedding.android.NormalTheme"
46-->src/main/AndroidManifest.xml:27:15-70
47                android:resource="@style/NormalTheme" />
47-->src/main/AndroidManifest.xml:28:15-52
48            <!--
49                 Displays an Android View that continues showing the launch screen
50                 Drawable until Flutter paints its first frame, then this splash
51                 screen fades out. A splash screen is useful to avoid any visual
52                 gap between the end of Android's launch screen and the painting of
53                 Flutter's first frame.
54            -->
55            <meta-data
55-->src/main/AndroidManifest.xml:35:13-38:17
56                android:name="io.flutter.embedding.android.SplashScreenDrawable"
56-->src/main/AndroidManifest.xml:36:15-79
57                android:resource="@drawable/launch_background" />
57-->src/main/AndroidManifest.xml:37:15-61
58
59            <intent-filter>
59-->src/main/AndroidManifest.xml:39:13-42:29
60                <action android:name="android.intent.action.MAIN" />
60-->src/main/AndroidManifest.xml:40:17-68
60-->src/main/AndroidManifest.xml:40:25-66
61
62                <category android:name="android.intent.category.LAUNCHER" />
62-->src/main/AndroidManifest.xml:41:17-76
62-->src/main/AndroidManifest.xml:41:27-74
63            </intent-filter>
64        </activity>
65        <!--
66             Don't delete the meta-data below.
67             This is used by the Flutter tool to generate GeneratedPluginRegistrant.java
68        -->
69        <receiver android:name="com.dexterous.flutterlocalnotifications.ScheduledNotificationReceiver" />
69-->src/main/AndroidManifest.xml:46:9-106
69-->src/main/AndroidManifest.xml:46:19-103
70        <receiver android:name="com.dexterous.flutterlocalnotifications.ScheduledNotificationBootReceiver" >
70-->src/main/AndroidManifest.xml:47:9-51:20
70-->src/main/AndroidManifest.xml:47:19-107
71            <intent-filter>
71-->src/main/AndroidManifest.xml:48:13-50:29
72                <action android:name="android.intent.action.BOOT_COMPLETED" />
72-->src/main/AndroidManifest.xml:49:17-86
72-->src/main/AndroidManifest.xml:49:25-76
73            </intent-filter>
74        </receiver>
75
76        <meta-data
76-->src/main/AndroidManifest.xml:52:9-54:33
77            android:name="flutterEmbedding"
77-->src/main/AndroidManifest.xml:53:13-44
78            android:value="2" />
78-->src/main/AndroidManifest.xml:54:13-30
79    </application>
80
81</manifest>